\BOOKMARK [0][-]{chapter.1}{\376\377\000M\000a\000t\000h\000\351\000m\000a\000t\000i\000q\000u\000e\000s\000\040\000p\000r\000\351\000p\000a\000r\000a\000t\000i\000o\000n\000s}{}% 1
\BOOKMARK [1][-]{section.1.1}{\376\377\000T\000r\000a\000n\000s\000f\000o\000r\000m\000a\000t\000i\000o\000n\000\040\000o\000f\000\040\000C\000o\000o\000r\000d\000i\000n\000a\000t\000e\000s\000\040\000\050\000R\000o\000t\000a\000t\000i\000o\000n\000s\000\051}{chapter.1}% 2
\BOOKMARK [1][-]{section.1.2}{\376\377\000D\000e\000t\000e\000r\000m\000i\000n\000a\000n\000t\000s}{chapter.1}% 3
\BOOKMARK [1][-]{section.1.3}{\376\377\000T\000h\000e\000\040\000i\000n\000n\000e\000r\000\040\000p\000r\000o\000d\000u\000c\000t}{chapter.1}% 4
\BOOKMARK [2][-]{subsection.1.3.1}{\376\377\000S\000o\000m\000e\000\040\000u\000s\000e\000f\000u\000l\000\040\000i\000n\000e\000q\000u\000a\000l\000i\000t\000i\000e\000s}{section.1.3}% 5
\BOOKMARK [1][-]{section.1.4}{\376\377\000P\000a\000r\000t\000i\000a\000l\000\040\000d\000i\000f\000f\000e\000r\000e\000n\000t\000i\000a\000t\000i\000o\000n}{chapter.1}% 6
\BOOKMARK [2][-]{subsection.1.4.1}{\376\377\000C\000h\000a\000n\000g\000e\000\040\000o\000f\000\040\000v\000a\000r\000i\000a\000b\000l\000e\000s}{section.1.4}% 7
\BOOKMARK [0][-]{chapter.2}{\376\377\000E\000l\000e\000c\000t\000r\000o\000c\000i\000n\000\351\000t\000i\000q\000u\000e\000:\000\040\000c\000a\000d\000r\000e\000\040\000e\000t\000\040\000c\000o\000n\000c\000e\000p\000t\000s\000\040\000d\000e\000\040\000b\000a\000s\000e}{}% 8
\BOOKMARK [1][-]{section.2.1}{\376\377\000N\000o\000t\000i\000o\000n\000s\000\040\000s\000u\000r\000\040\000l\000e\000s\000\040\000p\000h\000\351\000n\000o\000m\000\350\000n\000e\000s\000\040\000d\000e\000\040\000c\000o\000n\000d\000u\000c\000t\000i\000o\000n}{chapter.2}% 9
\BOOKMARK [2][-]{subsection.2.1.1}{\376\377\000S\000e\000n\000s\000\040\000c\000o\000n\000v\000e\000n\000t\000i\000o\000n\000n\000e\000l\000\040\000d\000u\000\040\000c\000o\000u\000r\000a\000n\000t\000\040\000\351\000l\000e\000c\000t\000r\000i\000q\000u\000e}{section.2.1}% 10
\BOOKMARK [2][-]{subsection.2.1.2}{\376\377\000C\000o\000u\000r\000a\000n\000t\000\040\000\351\000l\000e\000c\000t\000r\000i\000q\000u\000e}{section.2.1}% 11
\BOOKMARK [2][-]{subsection.2.1.3}{\376\377\000C\000o\000u\000r\000a\000n\000t\000\040\000d\000a\000n\000s\000\040\000u\000n\000\040\000c\000i\000r\000c\000u\000i\000t}{section.2.1}% 12
\BOOKMARK [2][-]{subsection.2.1.4}{\376\377\147\011\156\220\116\214\172\357\121\103\116\366}{section.2.1}% 13
\BOOKMARK [1][-]{section.2.2}{\376\377\154\102\211\343\165\065\215\357\166\204\127\372\147\054\133\232\137\213}{chapter.2}% 14
\BOOKMARK [0][-]{chapter.3}{\376\377\000C\000i\000r\000c\000u\000i\000t\000\040\000l\000i\000n\000\351\000a\000i\000r\000e\000\040\000d\000u\000\040\000p\000r\000e\000m\000i\000e\000r\000\040\000o\000r\000d\000r\000e}{}% 15
\BOOKMARK [1][-]{section.3.1}{\376\377\000E\000x\000e\000m\000p\000l\000e\000\040\000e\000x\000p\000\351\000r\000i\000m\000e\000n\000t\000a\000l}{chapter.3}% 16
\BOOKMARK [2][-]{subsection.3.1.1}{\376\377\000M\000o\000n\000t\000a\000g\000e}{section.3.1}% 17
\BOOKMARK [1][-]{section.3.2}{\376\377\146\202\140\001}{chapter.3}% 18
\BOOKMARK [2][-]{subsection.3.2.1}{\376\377\000R\000C\165\065\215\357}{section.3.2}% 19
\BOOKMARK [0][-]{chapter.4}{\376\377\000R\000\351\000g\000i\000m\000e\000\040\000s\000i\000n\000u\000s\000o\000\357\000d\000a\000l\000\040\000f\000o\000r\000c\000\351}{}% 20
\BOOKMARK [1][-]{section.4.1}{\376\377\000R\000e\000p\000r\000\351\000s\000e\000n\000t\000a\000t\000i\000o\000n\000\040\000c\000o\000m\000p\000l\000e\000x\000e\000\040\000d\000u\000\040\000s\000i\000g\000n\000a\000l\000\040\000s\000i\000n\000u\000s\000o\000\357\000d\000a\000l\000e}{chapter.4}% 21
\BOOKMARK [1][-]{section.4.2}{\376\377\000U\000t\000i\000l\000i\000s\000a\000t\000i\000o\000n\000\040\000d\000u\000\040\000p\000l\000a\000n\000\040\000c\000o\000m\000p\000l\000e\000x\000e}{chapter.4}% 22
\BOOKMARK [1][-]{section.4.3}{\376\377\000P\000u\000i\000s\000s\000a\000n\000c\000e\000\040\000m\000o\000y\000e\000n\000n\000e\040\023\000F\000a\000c\000t\000e\000u\000r\000\040\000d\000e\000\040\000p\000u\000i\000s\000s\000a\000n\000c\000e}{chapter.4}% 23
\BOOKMARK [0][-]{chapter.5}{\376\377\000\311\000t\000u\000d\000e\000\040\000d\000u\000\040\000c\000i\000r\000c\000u\000i\000t\000\040\000R\000L\000C\000\040\000s\000\351\000r\000i\000e\000-\000R\000\351\000s\000o\000n\000a\000n\000c\000e\000s}{}% 24
\BOOKMARK [1][-]{section.5.1}{\376\377\165\065\155\101\166\204\214\020\143\057}{chapter.5}% 25
\BOOKMARK [2][-]{subsection.5.1.1}{\376\377\137\227\122\060\165\065\155\101\166\204\131\015\143\057\136\105\121\163\116\216\176\246\123\026\211\322\230\221\163\207\166\204\121\375\145\160}{section.5.1}% 26
\BOOKMARK [2][-]{subsection.5.1.2}{\376\377\143\057\136\105\116\016\166\370\117\115\135\356\121\163\116\216\176\246\123\026\211\322\230\221\163\207\166\204\121\375\145\160\126\376\120\317}{section.5.1}% 27
\BOOKMARK [1][-]{section.5.2}{\376\377\165\065\203\167\166\204\214\020\143\057}{chapter.5}% 28
\BOOKMARK [1][-]{section.5.3}{\376\377\000C\000i\000r\000c\000u\000i\000t\000s\000\040\000l\000i\000n\000\351\000a\000i\000r\000e\000s\000\040\000e\000n\000\040\000r\000\351\000g\000i\000m\000e\000\040\000s\000i\000n\000u\000s\000o\000\357\000d\000a\000l}{chapter.5}% 29
\BOOKMARK [2][-]{subsection.5.3.1}{\376\377\000R\000\351\000g\000i\000m\000e\000\040\000f\000o\000r\000c\000\351\000\040\000d\040\031\000u\000n\000\040\000c\000i\000r\000c\000u\000i\000t\000\040\000l\000i\000n\000\351\000a\000i\000r\000e}{section.5.3}% 30
\BOOKMARK [2][-]{subsection.5.3.2}{\376\377\000\311\000t\000u\000d\000e\000\040\000d\000u\000\040\000r\000\351\000g\000i\000m\000e\000\040\000s\000i\000n\000u\000s\000o\000\357\000d\000a\000l\000\040\000f\000o\000r\000c\000\351}{section.5.3}% 31
\BOOKMARK [0][-]{chapter.6}{\376\377\000A\000n\000a\000l\000y\000s\000e\000\040\000d\000e\000\040\000F\000o\000u\000r\000i\000e\000r\000\040\000d\000'\000u\000n\000\040\000s\000i\000g\000n\000a\000l\000\040\000p\000\351\000r\000i\000o\000d\000i\000q\000u\000e}{}% 32
\BOOKMARK [0][-]{chapter.7}{\376\377\000F\000i\000l\000t\000r\000a\000g\000e}{}% 33
\BOOKMARK [1][-]{section.7.1}{\376\377\000F\000o\000n\000c\000t\000i\000o\000n\000\040\000d\000e\000\040\000t\000r\000a\000n\000s\000f\000e\000r\000t}{chapter.7}% 34
\BOOKMARK [1][-]{section.7.2}{\376\377\000D\000i\000a\000g\000r\000a\000m\000m\000e\000\040\000d\000e\000\040\000B\000o\000d\000e}{chapter.7}% 35
\BOOKMARK [1][-]{section.7.3}{\376\377\000F\000i\000l\000t\000r\000e\000s\000\040\000d\000u\000\040\000p\000r\000e\000m\000i\000e\000r\000\040\000o\000r\000d\000r\000e}{chapter.7}% 36
\BOOKMARK [2][-]{subsection.7.3.1}{\376\377\000F\000i\000l\000t\000r\000e\000\040\000p\000a\000s\000s\000e\000-\000b\000a\000s}{section.7.3}% 37
\BOOKMARK [1][-]{section.7.4}{\376\377\000F\000i\000l\000t\000r\000e\000s\000\040\000d\000u\000\040\000d\000e\000u\000x\000i\000\350\000m\000e\000\040\000o\000r\000d\000r\000e}{chapter.7}% 38
\BOOKMARK [2][-]{subsection.7.4.1}{\376\377\000F\000i\000l\000t\000r\000e\000\040\000p\000a\000s\000s\000e\000-\000h\000a\000u\000t\000e}{section.7.4}% 39
\BOOKMARK [2][-]{subsection.7.4.2}{\376\377\000F\000i\000l\000t\000r\000e\000\040\000c\000o\000u\000p\000e\000-\000b\000a\000n\000d\000e}{section.7.4}% 40
\BOOKMARK [2][-]{subsection.7.4.3}{\376\377\000F\000i\000l\000t\000r\000e\000s\000\040\000d\000'\000o\000r\000d\000r\000e\000\040\000p\000l\000u\000s\000\040\000\351\000l\000e\000v\000\351}{section.7.4}% 41
\BOOKMARK [1][-]{section.7.5}{\376\377\000M\000i\000s\000e\000\040\000e\000n\000\040\000c\000a\000s\000c\000a\000d\000e\000\040\000d\000e\000\040\000f\000i\000l\000t\000r\000e\000s}{chapter.7}% 42
\BOOKMARK [2][-]{subsection.7.5.1}{\376\377\000I\000m\000p\000\351\000d\000a\000n\000c\000e\000s\000\040\000d\000'\000e\000n\000t\000r\000\351\000e\000\040\000e\000t\000\040\000d\000e\000\040\000s\000o\000r\000t\000i\000e}{section.7.5}% 43
\BOOKMARK [2][-]{subsection.7.5.2}{\376\377\000M\000i\000s\000e\000\040\000e\000n\000\040\000c\000a\000s\000c\000a\000d\000e}{section.7.5}% 44
\BOOKMARK [0][-]{chapter.8}{\376\377\000C\000l\000a\000s\000s\000i\000c\000a\000l\000\040\000M\000e\000c\000h\000a\000n\000i\000c\000s}{}% 45
\BOOKMARK [1][-]{section.8.1}{\376\377\000T\000h\000e\000\040\000M\000o\000v\000i\000n\000g\000\040\000T\000r\000i\000h\000e\000d\000r\000a\000l\000\050\000A\000c\000c\000o\000m\000p\000a\000n\000y\000i\000n\000g\000\040\000D\000r\000e\000i\000b\000e\000i\000n\000\051\000-\000t\000h\000e\000\040\000F\000r\000e\000n\000e\000t\000\040\000F\000o\000r\000m\000u\000l\000a\000s}{chapter.8}% 46
\BOOKMARK [1][-]{section.8.2}{\376\377\000S\000y\000s\000t\000e\000m\000s\000\040\000o\000f\000\040\000P\000o\000i\000n\000t\000\040\000M\000a\000s\000s\000e\000s\000;\000C\000o\000l\000l\000i\000s\000i\000o\000n\000s}{chapter.8}% 47
\BOOKMARK [2][-]{subsection.8.2.1}{\376\377\000C\000e\000n\000t\000r\000e\000\040\000o\000f\000\040\000M\000a\000s\000s}{section.8.2}% 48
\BOOKMARK [2][-]{subsection.8.2.2}{\376\377\000R\000e\000d\000u\000c\000e\000d\000\040\000M\000a\000s\000s}{section.8.2}% 49
\BOOKMARK [0][-]{chapter.9}{\376\377\000\311\000l\000e\000c\000t\000r\000o\000s\000t\000a\000t\000i\000q\000u\000e}{}% 50
\BOOKMARK [1][-]{section.9.1}{\376\377\000P\000o\000t\000e\000n\000t\000i\000e\000l\000\040\000\351\000l\000e\000c\000t\000r\000o\000s\000t\000a\000t\000i\000q\000u\000e}{chapter.9}% 51
\BOOKMARK [1][-]{section.9.2}{\376\377\000E\000n\000e\000r\000g\000i\000e\000\040\000p\000o\000t\000e\000n\000t\000i\000e\000l\000l\000e}{chapter.9}% 52
\BOOKMARK [1][-]{section.9.3}{\376\377\000\040\000E\000n\000e\000r\000g\000i\000e\000\040\000p\000o\000t\000e\000n\000t\000i\000e\000l\000l\000e\000\040\000d\000e\000\040\000c\000o\000n\000s\000t\000r\000u\000c\000t\000i\000o\000n\000\040\000d\000'\000u\000n\000\040\000s\000y\000s\000t\000\350\000m\000e\000\040\000d\000e\000\040\000c\000h\000a\000r\000g\000e\000s}{chapter.9}% 53
\BOOKMARK [1][-]{section.9.4}{\376\377\000C\000a\000r\000t\000e\000s\000\040\000d\000e\000\040\000c\000h\000a\000m\000p}{chapter.9}% 54
