This is XeTeX, Version 3.14159265-2.6-0.999992 (MiKTeX 20.7) (preloaded format=xelatex 2021.1.28)  15 FEB 2021 14:33
entering extended mode
**./Physiques.tex
(Physiques.tex
LaTeX2e <2020-02-02> patch level 5
L3 programming layer <2020-08-07> (D:\MiKTeX\tex/latex/base\book.cls
Document Class: book 2019/12/20 v1.4l Standard LaTeX document class
(D:\MiKTeX\tex/latex/base\bk12.clo
File: bk12.clo 2019/12/20 v1.4l Standard LaTeX file (size option)
)
\c@part=\count164
\c@chapter=\count165
\c@section=\count166
\c@subsection=\count167
\c@subsubsection=\count168
\c@paragraph=\count169
\c@subparagraph=\count170
\c@figure=\count171
\c@table=\count172
\abovecaptionskip=\skip47
\belowcaptionskip=\skip48
\bibindent=\dimen134
) (D:\MiKTeX\tex/latex/amsmath\amsmath.sty
Package: amsmath 2020/01/20 v2.17e AMS math features
\@mathmargin=\skip49

For additional information on amsmath, use the `?' option.
(D:\MiKTeX\tex/latex/amsmath\amstext.sty
Package: amstext 2000/06/29 v2.01 AMS text

(D:\MiKTeX\tex/latex/amsmath\amsgen.sty
File: amsgen.sty 1999/11/30 v2.0 generic functions
\@emptytoks=\toks15
\ex@=\dimen135
))
(D:\MiKTeX\tex/latex/amsmath\amsbsy.sty
Package: amsbsy 1999/11/29 v1.2d Bold Symbols
\pmbraise@=\dimen136
)
(D:\MiKTeX\tex/latex/amsmath\amsopn.sty
Package: amsopn 2016/03/08 v2.02 operator names
)
\inf@bad=\count173
LaTeX Info: Redefining \frac on input line 227.
\uproot@=\count174
\leftroot@=\count175
LaTeX Info: Redefining \overline on input line 389.
\classnum@=\count176
\DOTSCASE@=\count177
LaTeX Info: Redefining \ldots on input line 486.
LaTeX Info: Redefining \dots on input line 489.
LaTeX Info: Redefining \cdots on input line 610.
\Mathstrutbox@=\box45
\strutbox@=\box46
\big@size=\dimen137
LaTeX Font Info:    Redeclaring font encoding OML on input line 733.
LaTeX Font Info:    Redeclaring font encoding OMS on input line 734.
\macc@depth=\count178
\c@MaxMatrixCols=\count179
\dotsspace@=\muskip16
\c@parentequation=\count180
\dspbrk@lvl=\count181
\tag@help=\toks16
\row@=\count182
\column@=\count183
\maxfields@=\count184
\andhelp@=\toks17
\eqnshift@=\dimen138
\alignsep@=\dimen139
\tagshift@=\dimen140
\tagwidth@=\dimen141
\totwidth@=\dimen142
\lineht@=\dimen143
\@envbody=\toks18
\multlinegap=\skip50
\multlinetaggap=\skip51
\mathdisplay@stack=\toks19
LaTeX Info: Redefining \[ on input line 2859.
LaTeX Info: Redefining \] on input line 2860.
)
(C:\Users\10109\AppData\Roaming\MiKTeX\tex/latex/amscls\amsthm.sty
Package: amsthm 2020/05/29 v2.20.6
\thm@style=\toks20
\thm@bodyfont=\toks21
\thm@headfont=\toks22
\thm@notefont=\toks23
\thm@headpunct=\toks24
\thm@preskip=\skip52
\thm@postskip=\skip53
\thm@headsep=\skip54
\dth@everypar=\toks25
)
(D:\MiKTeX\tex/latex/amsfonts\amssymb.sty
Package: amssymb 2013/01/14 v3.01 AMS font symbols

(D:\MiKTeX\tex/latex/amsfonts\amsfonts.sty
Package: amsfonts 2013/01/14 v3.01 Basic AMSFonts support
\symAMSa=\mathgroup4
\symAMSb=\mathgroup5
LaTeX Font Info:    Redeclaring math symbol \hbar on input line 98.
LaTeX Font Info:    Overwriting math alphabet `\mathfrak' in version `bold'
(Font)                  U/euf/m/n --> U/euf/b/n on input line 106.
))
(D:\MiKTeX\tex/latex/fontspec\fontspec.sty
(D:\MiKTeX\tex/latex/l3packages/xparse\xparse.sty
(D:\MiKTeX\tex/latex/l3kernel\expl3.sty
Package: expl3 2020-08-07 L3 programming layer (loader) 

(D:\MiKTeX\tex/latex/l3backend\l3backend-xdvipdfmx.def
File: l3backend-xdvipdfmx.def 2020-08-07 L3 backend support: xdvipdfmx
\g__graphics_track_int=\count185
\l__pdf_internal_box=\box47
\g__pdf_backend_object_int=\count186
\g__pdf_backend_annotation_int=\count187
))
Package: xparse 2020-05-15 L3 Experimental document command parser

(D:\MiKTeX\tex/latex/l3packages/xparse\xparse-generic.tex
\l__xparse_current_arg_int=\count188
\g__xparse_grabber_int=\count189
\l__xparse_m_args_int=\count190
\l__xparse_v_nesting_int=\count191
))
Package: fontspec 2020/02/21 v2.7i Font selection for XeLaTeX and LuaLaTeX

(D:\MiKTeX\tex/latex/fontspec\fontspec-xetex.sty
Package: fontspec-xetex 2020/02/21 v2.7i Font selection for XeLaTeX and LuaLaTe
X
\l__fontspec_script_int=\count192
\l__fontspec_language_int=\count193
\l__fontspec_strnum_int=\count194
\l__fontspec_tmp_int=\count195
\l__fontspec_tmpa_int=\count196
\l__fontspec_tmpb_int=\count197
\l__fontspec_tmpc_int=\count198
\l__fontspec_em_int=\count199
\l__fontspec_emdef_int=\count266
\l__fontspec_strong_int=\count267
\l__fontspec_strongdef_int=\count268
\l__fontspec_tmpa_dim=\dimen144
\l__fontspec_tmpb_dim=\dimen145
\l__fontspec_tmpc_dim=\dimen146

(D:\MiKTeX\tex/latex/base\fontenc.sty
Package: fontenc 2020/02/11 v2.0o Standard LaTeX package
)
(D:\MiKTeX\tex/latex/fontspec\fontspec.cfg)))
(C:\Users\10109\AppData\Roaming\MiKTeX\tex/latex/ctex\ctex.sty
Package: ctex 2020/10/19 v2.5.5 Chinese adapter in LaTeX (CTEX)

(D:\MiKTeX\tex/latex/l3packages/l3keys2e\l3keys2e.sty
Package: l3keys2e 2020-05-15 LaTeX2e option processing using LaTeX3 keys
)
(C:\Users\10109\AppData\Roaming\MiKTeX\tex/latex/ctex\ctexhook.sty
Package: ctexhook 2020/10/19 v2.5.5 Document and package hooks (CTEX)
)
(C:\Users\10109\AppData\Roaming\MiKTeX\tex/latex/ctex\ctexpatch.sty
Package: ctexpatch 2020/10/19 v2.5.5 Patching commands (CTEX)
)
(D:\MiKTeX\tex/latex/base\fix-cm.sty
Package: fix-cm 2015/01/14 v1.1t fixes to LaTeX
 (D:\MiKTeX\tex/latex/base\ts1enc.def
File: ts1enc.def 2001/06/05 v3.0e (jk/car/fm) Standard LaTeX file
LaTeX Font Info:    Redeclaring font encoding TS1 on input line 47.
))
(D:\MiKTeX\tex/latex/ms\everysel.sty
Package: everysel 2011/10/28 v1.2 EverySelectfont Package (MS)
)
\l__ctex_tmp_int=\count269
\l__ctex_tmp_box=\box48
\l__ctex_tmp_dim=\dimen147
\g__ctex_section_depth_int=\count270
\g__ctex_font_size_int=\count271

(C:\Users\10109\AppData\Roaming\MiKTeX\tex/latex/ctex/config\ctexopts.cfg
File: ctexopts.cfg 2020/10/19 v2.5.5 Option configuration file (CTEX)
)
(C:\Users\10109\AppData\Roaming\MiKTeX\tex/latex/ctex/engine\ctex-engine-xetex.
def
File: ctex-engine-xetex.def 2020/10/19 v2.5.5 XeLaTeX adapter (CTEX)
 (C:\Users\10109\AppData\Roaming\MiKTeX\tex/xelatex/xecjk\xeCJK.sty
Package: xeCJK 2020/06/06 v3.8.4 Typesetting CJK scripts with XeLaTeX

(D:\MiKTeX\tex/latex/l3packages/xtemplate\xtemplate.sty
Package: xtemplate 2020-05-15 L3 Experimental prototype document functions
\l__xtemplate_tmp_dim=\dimen148
\l__xtemplate_tmp_int=\count272
\l__xtemplate_tmp_muskip=\muskip17
\l__xtemplate_tmp_skip=\skip55
)
\l__xeCJK_tmp_int=\count273
\l__xeCJK_tmp_box=\box49
\l__xeCJK_tmp_dim=\dimen149
\l__xeCJK_tmp_skip=\skip56
\g__xeCJK_space_factor_int=\count274
\l__xeCJK_begin_int=\count275
\l__xeCJK_end_int=\count276
\c__xeCJK_CJK_class_int=\XeTeXcharclass1
\c__xeCJK_FullLeft_class_int=\XeTeXcharclass2
\c__xeCJK_FullRight_class_int=\XeTeXcharclass3
\c__xeCJK_HalfLeft_class_int=\XeTeXcharclass4
\c__xeCJK_HalfRight_class_int=\XeTeXcharclass5
\c__xeCJK_NormalSpace_class_int=\XeTeXcharclass6
\c__xeCJK_CM_class_int=\XeTeXcharclass7
\c__xeCJK_HangulJamo_class_int=\XeTeXcharclass8
\l__xeCJK_last_skip=\skip57
\g__xeCJK_node_int=\count277
\c__xeCJK_CJK_node_dim=\dimen150
\c__xeCJK_CJK-space_node_dim=\dimen151
\c__xeCJK_default_node_dim=\dimen152
\c__xeCJK_default-space_node_dim=\dimen153
\c__xeCJK_CJK-widow_node_dim=\dimen154
\c__xeCJK_normalspace_node_dim=\dimen155
\l__xeCJK_ccglue_skip=\skip58
\l__xeCJK_ecglue_skip=\skip59
\l__xeCJK_punct_kern_skip=\skip60
\l__xeCJK_last_penalty_int=\count278
\l__xeCJK_last_bound_dim=\dimen156
\l__xeCJK_last_kern_dim=\dimen157
\l__xeCJK_widow_penalty_int=\count279

Package xtemplate Info: Declaring object type 'xeCJK/punctuation' taking 0
(xtemplate)             argument(s) on line 2329.

\l__xeCJK_fixed_punct_width_dim=\dimen158
\l__xeCJK_mixed_punct_width_dim=\dimen159
\l__xeCJK_middle_punct_width_dim=\dimen160
\l__xeCJK_fixed_margin_width_dim=\dimen161
\l__xeCJK_mixed_margin_width_dim=\dimen162
\l__xeCJK_middle_margin_width_dim=\dimen163
\l__xeCJK_bound_punct_width_dim=\dimen164
\l__xeCJK_bound_margin_width_dim=\dimen165
\l__xeCJK_margin_minimum_dim=\dimen166
\l__xeCJK_kerning_total_width_dim=\dimen167
\l__xeCJK_same_align_margin_dim=\dimen168
\l__xeCJK_different_align_margin_dim=\dimen169
\l__xeCJK_kerning_margin_width_dim=\dimen170
\l__xeCJK_kerning_margin_minimum_dim=\dimen171
\l__xeCJK_bound_dim=\dimen172
\l__xeCJK_reverse_bound_dim=\dimen173
\l__xeCJK_margin_dim=\dimen174
\l__xeCJK_minimum_bound_dim=\dimen175
\l__xeCJK_kerning_margin_dim=\dimen176
\g__xeCJK_family_int=\count280
\l__xeCJK_fam_int=\count281
\g__xeCJK_fam_allocation_int=\count282
\l__xeCJK_verb_case_int=\count283
\l__xeCJK_verb_exspace_skip=\skip61

(C:\Users\10109\AppData\Roaming\MiKTeX\tex/xelatex/xecjk\xeCJK.cfg
File: xeCJK.cfg 2020/06/06 v3.8.4 Configuration file for xeCJK package
))
\ccwd=\dimen177
\l__ctex_ccglue_skip=\skip62
)
\l__ctex_ziju_dim=\dimen178

(C:\Users\10109\AppData\Roaming\MiKTeX\tex/latex/zhnumber\zhnumber.sty
Package: zhnumber 2020/05/01 v2.8 Typesetting numbers with Chinese glyphs
\l__zhnum_scale_int=\count284

(C:\Users\10109\AppData\Roaming\MiKTeX\tex/latex/zhnumber\zhnumber-utf8.cfg
File: zhnumber-utf8.cfg 2020/05/01 v2.8 Chinese numerals with UTF8 encoding
))
(C:\Users\10109\AppData\Roaming\MiKTeX\tex/latex/ctex/scheme\ctex-scheme-chines
e.def
File: ctex-scheme-chinese.def 2020/10/19 v2.5.5 Chinese scheme for generic (CTE
X)

(C:\Users\10109\AppData\Roaming\MiKTeX\tex/latex/ctex/config\ctex-name-utf8.cfg
File: ctex-name-utf8.cfg 2020/10/19 v2.5.5 Caption with encoding UTF-8 (CTEX)
)) (D:\MiKTeX\tex/latex/tools\indentfirst.sty
Package: indentfirst 1995/11/23 v1.03 Indent first paragraph (DPC)
)
(C:\Users\10109\AppData\Roaming\MiKTeX\tex/latex/ctex/fontset\ctex-fontset-wind
ows.def
File: ctex-fontset-windows.def 2020/10/19 v2.5.5 Windows fonts definition (CTEX
)

Package fontspec Info: Could not resolve font "KaiTi/B" (it probably doesn't
(fontspec)             exist).


Package fontspec Info: Could not resolve font "SimHei/I" (it probably doesn't
(fontspec)             exist).


Package fontspec Info: Could not resolve font "SimSun/BI" (it probably doesn't
(fontspec)             exist).


Package fontspec Info: Font family 'SimSun(0)' created for font 'SimSun' with
(fontspec)             options
(fontspec)             [Script={CJK},BoldFont={SimHei},ItalicFont={KaiTi}].
(fontspec)              
(fontspec)              This font family consists of the following NFSS
(fontspec)             series/shapes:
(fontspec)              
(fontspec)             - 'normal' (m/n) with NFSS spec.:
(fontspec)             <->"SimSun/OT:script=hani;language=dflt;"
(fontspec)             - 'small caps'  (m/sc) with NFSS spec.: 
(fontspec)             - 'bold' (b/n) with NFSS spec.:
(fontspec)             <->"SimHei/OT:script=hani;language=dflt;"
(fontspec)             - 'bold small caps'  (b/sc) with NFSS spec.: 
(fontspec)             - 'italic' (m/it) with NFSS spec.:
(fontspec)             <->"KaiTi/OT:script=hani;language=dflt;"
(fontspec)             - 'italic small caps'  (m/scit) with NFSS spec.: 

)) (C:\Users\10109\AppData\Roaming\MiKTeX\tex/latex/ctex/config\ctex.cfg
File: ctex.cfg 2020/10/19 v2.5.5 Configuration file (CTEX)
) (D:\MiKTeX\tex/latex/graphics\graphicx.sty
Package: graphicx 2019/11/30 v1.2a Enhanced LaTeX Graphics (DPC,SPQR)

(D:\MiKTeX\tex/latex/graphics\keyval.sty
Package: keyval 2014/10/28 v1.15 key=value parser (DPC)
\KV@toks@=\toks26
)
(D:\MiKTeX\tex/latex/graphics\graphics.sty
Package: graphics 2019/11/30 v1.4a Standard LaTeX Graphics (DPC,SPQR)

(D:\MiKTeX\tex/latex/graphics\trig.sty
Package: trig 2016/01/03 v1.10 sin cos tan (DPC)
)
(D:\MiKTeX\tex/latex/graphics-cfg\graphics.cfg
File: graphics.cfg 2016/06/04 v1.11 sample graphics configuration
)
Package graphics Info: Driver file: xetex.def on input line 105.

(D:\MiKTeX\tex/latex/graphics-def\xetex.def
File: xetex.def 2017/06/24 v5.0h Graphics/color driver for xetex
))
\Gin@req@height=\dimen179
\Gin@req@width=\dimen180
)
(D:\MiKTeX\tex/latex/xcolor\xcolor.sty
Package: xcolor 2016/05/11 v2.12 LaTeX color extensions (UK)

(D:\MiKTeX\tex/latex/graphics-cfg\color.cfg
File: color.cfg 2016/01/02 v1.6 sample color configuration
)
Package xcolor Info: Driver file: xetex.def on input line 225.
Package xcolor Info: Model `cmy' substituted by `cmy0' on input line 1348.
Package xcolor Info: Model `RGB' extended on input line 1364.
Package xcolor Info: Model `HTML' substituted by `rgb' on input line 1366.
Package xcolor Info: Model `Hsb' substituted by `hsb' on input line 1367.
Package xcolor Info: Model `tHsb' substituted by `hsb' on input line 1368.
Package xcolor Info: Model `HSB' substituted by `hsb' on input line 1369.
Package xcolor Info: Model `Gray' substituted by `gray' on input line 1370.
Package xcolor Info: Model `wave' substituted by `hsb' on input line 1371.
)
(C:\Users\10109\AppData\Roaming\MiKTeX\tex/latex/stmaryrd\stmaryrd.sty
Package: stmaryrd 1994/03/03 St Mary's Road symbol package
\symstmry=\mathgroup6
LaTeX Font Info:    Overwriting symbol font `stmry' in version `bold'
(Font)                  U/stmry/m/n --> U/stmry/b/n on input line 89.
)
(D:\MiKTeX\tex/latex/wrapfig\wrapfig.sty
\wrapoverhang=\dimen181
\WF@size=\dimen182
\c@WF@wrappedlines=\count285
\WF@box=\box50
\WF@everypar=\toks27
Package: wrapfig 2003/01/31  v 3.6
)
(C:\Users\10109\AppData\Roaming\MiKTeX\tex/latex/caption\caption.sty
Package: caption 2020/10/26 v3.5g Customizing captions (AR)

(C:\Users\10109\AppData\Roaming\MiKTeX\tex/latex/caption\caption3.sty
Package: caption3 2020/10/21 v2.2e caption3 kernel (AR)
\captionmargin=\dimen183
\captionmargin@=\dimen184
\captionwidth=\dimen185
\caption@tempdima=\dimen186
\caption@indent=\dimen187
\caption@parindent=\dimen188
\caption@hangindent=\dimen189
Package caption Info: Standard document class detected.
)
\c@caption@flags=\count286
\c@continuedfloat=\count287
Package caption Info: wrapfig package is loaded.
)
(C:\Users\10109\AppData\Roaming\MiKTeX\tex/latex/subfig\subfig.sty
Package: subfig 2005/06/28 ver: 1.3 subfig package
\c@KVtest=\count288
\sf@farskip=\skip63
\sf@captopadj=\dimen190
\sf@capskip=\skip64
\sf@nearskip=\skip65
\c@subfigure=\count289
\c@subfigure@save=\count290
\c@lofdepth=\count291
\c@subtable=\count292
\c@subtable@save=\count293
\c@lotdepth=\count294
\sf@top=\skip66
\sf@bottom=\skip67
)
(D:\MiKTeX\tex/latex/float\float.sty
Package: float 2001/11/08 v1.3d Float enhancements (AL)
\c@float@type=\count295
\float@exts=\toks28
\float@box=\box51
\@float@everytoks=\toks29
\@floatcapt=\box52
)
(D:\MiKTeX\tex/latex/listings\listings.sty
\lst@mode=\count296
\lst@gtempboxa=\box53
\lst@token=\toks30
\lst@length=\count297
\lst@currlwidth=\dimen191
\lst@column=\count298
\lst@pos=\count299
\lst@lostspace=\dimen192
\lst@width=\dimen193
\lst@newlines=\count300
\lst@lineno=\count301
\lst@maxwidth=\dimen194

(D:\MiKTeX\tex/latex/listings\lstmisc.sty
File: lstmisc.sty 2020/03/24 1.8d (Carsten Heinz)
\c@lstnumber=\count302
\lst@skipnumbers=\count303
\lst@framebox=\box54
)
(D:\MiKTeX\tex/latex/listings\listings.cfg
File: listings.cfg 2020/03/24 1.8d listings configuration
))
Package: listings 2020/03/24 1.8d (Carsten Heinz)

(C:\Users\10109\AppData\Roaming\MiKTeX\tex/xelatex/xecjk\xeCJK-listings.sty
Package: xeCJK-listings 2020/06/06 v3.8.4 xeCJK patch file for listings
\l__xeCJK_listings_max_char_int=\count304
\l__xeCJK_listings_flag_int=\count305
)
(C:\Users\10109\AppData\Roaming\MiKTeX\tex/latex/framed\framed.sty
Package: framed 2011/10/22 v 0.96: framed or shaded text with page breaks
\OuterFrameSep=\skip68
\fb@frw=\dimen195
\fb@frh=\dimen196
\FrameRule=\dimen197
\FrameSep=\dimen198
)
(D:\MiKTeX\tex/latex/hyperref\hyperref.sty
Package: hyperref 2020-05-15 v7.00e Hypertext links for LaTeX

(C:\Users\10109\AppData\Roaming\MiKTeX\tex/generic/ltxcmds\ltxcmds.sty
Package: ltxcmds 2019/12/15 v1.24 LaTeX kernel commands for general use (HO)
)
(D:\MiKTeX\tex/generic/iftex\iftex.sty
Package: iftex 2020/03/06 v1.0d TeX engine tests
)
(D:\MiKTeX\tex/generic/pdftexcmds\pdftexcmds.sty
Package: pdftexcmds 2020-06-27 v0.33 Utility functions of pdfTeX for LuaTeX (HO
)

(C:\Users\10109\AppData\Roaming\MiKTeX\tex/generic/infwarerr\infwarerr.sty
Package: infwarerr 2019/12/03 v1.5 Providing info/warning/error messages (HO)
)
Package pdftexcmds Info: \pdf@primitive is available.
Package pdftexcmds Info: \pdf@ifprimitive is available.
Package pdftexcmds Info: \pdfdraftmode not found.
)
(C:\Users\10109\AppData\Roaming\MiKTeX\tex/generic/kvsetkeys\kvsetkeys.sty
Package: kvsetkeys 2019/12/15 v1.18 Key value parser (HO)
)
(C:\Users\10109\AppData\Roaming\MiKTeX\tex/generic/kvdefinekeys\kvdefinekeys.st
y
Package: kvdefinekeys 2019-12-19 v1.6 Define keys (HO)
) (C:\Users\10109\AppData\Roaming\MiKTeX\tex/generic/pdfescape\pdfescape.sty
Package: pdfescape 2019/12/09 v1.15 Implements pdfTeX's escape features (HO)
)
(C:\Users\10109\AppData\Roaming\MiKTeX\tex/latex/hycolor\hycolor.sty
Package: hycolor 2020-01-27 v1.10 Color options for hyperref/bookmark (HO)
)
(C:\Users\10109\AppData\Roaming\MiKTeX\tex/latex/letltxmacro\letltxmacro.sty
Package: letltxmacro 2019/12/03 v1.6 Let assignment for LaTeX macros (HO)
)
(C:\Users\10109\AppData\Roaming\MiKTeX\tex/latex/auxhook\auxhook.sty
Package: auxhook 2019-12-17 v1.6 Hooks for auxiliary files (HO)
)
(C:\Users\10109\AppData\Roaming\MiKTeX\tex/latex/kvoptions\kvoptions.sty
Package: kvoptions 2019/11/29 v3.13 Key value format for package options (HO)
)
\@linkdim=\dimen199
\Hy@linkcounter=\count306
\Hy@pagecounter=\count307

(D:\MiKTeX\tex/latex/hyperref\pd1enc.def
File: pd1enc.def 2020-05-15 v7.00e Hyperref: PDFDocEncoding definition (HO)
)
(C:\Users\10109\AppData\Roaming\MiKTeX\tex/generic/intcalc\intcalc.sty
Package: intcalc 2019/12/15 v1.3 Expandable calculations with integers (HO)
)
(C:\Users\10109\AppData\Roaming\MiKTeX\tex/generic/etexcmds\etexcmds.sty
Package: etexcmds 2019/12/15 v1.7 Avoid name clashes with e-TeX commands (HO)
)
\Hy@SavedSpaceFactor=\count308
Package hyperref Info: Option `unicode' set `true' on input line 4338.

(D:\MiKTeX\tex/latex/hyperref\puenc.def
File: puenc.def 2020-05-15 v7.00e Hyperref: PDF Unicode definition (HO)
)
Package hyperref Info: Hyper figures OFF on input line 4464.
Package hyperref Info: Link nesting OFF on input line 4469.
Package hyperref Info: Hyper index ON on input line 4472.
Package hyperref Info: Plain pages OFF on input line 4479.
Package hyperref Info: Backreferencing OFF on input line 4484.
Package hyperref Info: Implicit mode ON; LaTeX internals redefined.
Package hyperref Info: Bookmarks ON on input line 4717.
\c@Hy@tempcnt=\count309
 (D:\MiKTeX\tex/latex/url\url.sty
\Urlmuskip=\muskip18
Package: url 2013/09/16  ver 3.4  Verb mode for urls, etc.
)
LaTeX Info: Redefining \url on input line 5076.
\XeTeXLinkMargin=\dimen256

(C:\Users\10109\AppData\Roaming\MiKTeX\tex/generic/bitset\bitset.sty
Package: bitset 2019/12/09 v1.3 Handle bit-vector datatype (HO)

(C:\Users\10109\AppData\Roaming\MiKTeX\tex/generic/bigintcalc\bigintcalc.sty
Package: bigintcalc 2019/12/15 v1.5 Expandable calculations on big integers (HO
)
))
\Fld@menulength=\count310
\Field@Width=\dimen257
\Fld@charsize=\dimen258
Package hyperref Info: Hyper figures OFF on input line 6347.
Package hyperref Info: Link nesting OFF on input line 6352.
Package hyperref Info: Hyper index ON on input line 6355.
Package hyperref Info: backreferencing OFF on input line 6362.
Package hyperref Info: Link coloring OFF on input line 6367.
Package hyperref Info: Link coloring with OCG OFF on input line 6372.
Package hyperref Info: PDF/A mode OFF on input line 6377.
LaTeX Info: Redefining \ref on input line 6417.
LaTeX Info: Redefining \pageref on input line 6421.

(C:\Users\10109\AppData\Roaming\MiKTeX\tex/generic/atbegshi\atbegshi.sty
Package: atbegshi 2019/12/05 v1.19 At begin shipout hook (HO)
)
\Hy@abspage=\count311
\c@Item=\count312
\c@Hfootnote=\count313
)
Package hyperref Info: Driver (autodetected): hxetex.

(D:\MiKTeX\tex/latex/hyperref\hxetex.def
File: hxetex.def 2020-05-15 v7.00e Hyperref driver for XeTeX

(C:\Users\10109\AppData\Roaming\MiKTeX\tex/generic/stringenc\stringenc.sty
Package: stringenc 2019/11/29 v1.12 Convert strings between diff. encodings (HO
)
)
\pdfm@box=\box55
\c@Hy@AnnotLevel=\count314
\HyField@AnnotCount=\count315
\Fld@listcount=\count316
\c@bookmark@seq@number=\count317

(C:\Users\10109\AppData\Roaming\MiKTeX\tex/latex/rerunfilecheck\rerunfilecheck.
sty
Package: rerunfilecheck 2019/12/05 v1.9 Rerun checks for auxiliary files (HO)
 (C:\Users\10109\AppData\Roaming\MiKTeX\tex/latex/atveryend\atveryend.sty
Package: atveryend 2019-12-11 v1.11 Hooks at the very end of document (HO)
Package atveryend Info: \enddocument detected (standard20110627).
)
(C:\Users\10109\AppData\Roaming\MiKTeX\tex/generic/uniquecounter\uniquecounter.
sty
Package: uniquecounter 2019/12/15 v1.4 Provide unlimited unique counter (HO)
)
Package uniquecounter Info: New unique counter `rerunfilecheck' on input line 2
86.
)
\Hy@SectionHShift=\skip69
)
\c@dfn=\count318
\c@thm=\count319
\c@prp=\count320
\c@lem=\count321
\c@axm=\count322
\c@lmm=\count323
\c@cor=\count324
\c@rem=\count325
 (D:\MiKTeX\tex/latex/listings\lstlang1.sty
File: lstlang1.sty 2020/03/24 1.8d listings language file
) (Physiques.aux)
\openout1 = `Physiques.aux'.

LaTeX Font Info:    Checking defaults for OML/cmm/m/it on input line 31.
LaTeX Font Info:    ... okay on input line 31.
LaTeX Font Info:    Checking defaults for OMS/cmsy/m/n on input line 31.
LaTeX Font Info:    ... okay on input line 31.
LaTeX Font Info:    Checking defaults for OT1/cmr/m/n on input line 31.
LaTeX Font Info:    ... okay on input line 31.
LaTeX Font Info:    Checking defaults for T1/cmr/m/n on input line 31.
LaTeX Font Info:    ... okay on input line 31.
LaTeX Font Info:    Checking defaults for TS1/cmr/m/n on input line 31.
LaTeX Font Info:    ... okay on input line 31.
LaTeX Font Info:    Checking defaults for TU/lmr/m/n on input line 31.
LaTeX Font Info:    ... okay on input line 31.
LaTeX Font Info:    Checking defaults for OMX/cmex/m/n on input line 31.
LaTeX Font Info:    ... okay on input line 31.
LaTeX Font Info:    Checking defaults for U/cmr/m/n on input line 31.
LaTeX Font Info:    ... okay on input line 31.
LaTeX Font Info:    Checking defaults for PD1/pdf/m/n on input line 31.
LaTeX Font Info:    ... okay on input line 31.
LaTeX Font Info:    Checking defaults for PU/pdf/m/n on input line 31.
LaTeX Font Info:    ... okay on input line 31.

Package fontspec Info: Adjusting the maths setup (use [no-math] to avoid
(fontspec)             this).

\symlegacymaths=\mathgroup7
LaTeX Font Info:    Overwriting symbol font `legacymaths' in version `bold'
(Font)                  OT1/cmr/m/n --> OT1/cmr/bx/n on input line 31.
LaTeX Font Info:    Redeclaring math accent \acute on input line 31.
LaTeX Font Info:    Redeclaring math accent \grave on input line 31.
LaTeX Font Info:    Redeclaring math accent \ddot on input line 31.
LaTeX Font Info:    Redeclaring math accent \tilde on input line 31.
LaTeX Font Info:    Redeclaring math accent \bar on input line 31.
LaTeX Font Info:    Redeclaring math accent \breve on input line 31.
LaTeX Font Info:    Redeclaring math accent \check on input line 31.
LaTeX Font Info:    Redeclaring math accent \hat on input line 31.
LaTeX Font Info:    Redeclaring math accent \dot on input line 31.
LaTeX Font Info:    Redeclaring math accent \mathring on input line 31.
LaTeX Font Info:    Redeclaring math symbol \Gamma on input line 31.
LaTeX Font Info:    Redeclaring math symbol \Delta on input line 31.
LaTeX Font Info:    Redeclaring math symbol \Theta on input line 31.
LaTeX Font Info:    Redeclaring math symbol \Lambda on input line 31.
LaTeX Font Info:    Redeclaring math symbol \Xi on input line 31.
LaTeX Font Info:    Redeclaring math symbol \Pi on input line 31.
LaTeX Font Info:    Redeclaring math symbol \Sigma on input line 31.
LaTeX Font Info:    Redeclaring math symbol \Upsilon on input line 31.
LaTeX Font Info:    Redeclaring math symbol \Phi on input line 31.
LaTeX Font Info:    Redeclaring math symbol \Psi on input line 31.
LaTeX Font Info:    Redeclaring math symbol \Omega on input line 31.
LaTeX Font Info:    Redeclaring math symbol \mathdollar on input line 31.
LaTeX Font Info:    Redeclaring symbol font `operators' on input line 31.
LaTeX Font Info:    Encoding `OT1' has changed to `TU' for symbol font
(Font)              `operators' in the math version `normal' on input line 31.
LaTeX Font Info:    Overwriting symbol font `operators' in version `normal'
(Font)                  OT1/cmr/m/n --> TU/lmr/m/n on input line 31.
LaTeX Font Info:    Encoding `OT1' has changed to `TU' for symbol font
(Font)              `operators' in the math version `bold' on input line 31.
LaTeX Font Info:    Overwriting symbol font `operators' in version `bold'
(Font)                  OT1/cmr/bx/n --> TU/lmr/m/n on input line 31.
LaTeX Font Info:    Overwriting symbol font `operators' in version `normal'
(Font)                  TU/lmr/m/n --> TU/lmr/m/n on input line 31.
LaTeX Font Info:    Overwriting math alphabet `\mathit' in version `normal'
(Font)                  OT1/cmr/m/it --> TU/lmr/m/it on input line 31.
LaTeX Font Info:    Overwriting math alphabet `\mathbf' in version `normal'
(Font)                  OT1/cmr/bx/n --> TU/lmr/b/n on input line 31.
LaTeX Font Info:    Overwriting math alphabet `\mathsf' in version `normal'
(Font)                  OT1/cmss/m/n --> TU/lmss/m/n on input line 31.
LaTeX Font Info:    Overwriting math alphabet `\mathtt' in version `normal'
(Font)                  OT1/cmtt/m/n --> TU/lmtt/m/n on input line 31.
LaTeX Font Info:    Overwriting symbol font `operators' in version `bold'
(Font)                  TU/lmr/m/n --> TU/lmr/b/n on input line 31.
LaTeX Font Info:    Overwriting math alphabet `\mathit' in version `bold'
(Font)                  OT1/cmr/bx/it --> TU/lmr/b/it on input line 31.
LaTeX Font Info:    Overwriting math alphabet `\mathsf' in version `bold'
(Font)                  OT1/cmss/bx/n --> TU/lmss/b/n on input line 31.
LaTeX Font Info:    Overwriting math alphabet `\mathtt' in version `bold'
(Font)                  OT1/cmtt/m/n --> TU/lmtt/b/n on input line 31.

ABD: EverySelectfont initializing macros
LaTeX Info: Redefining \selectfont on input line 31.
Package caption Info: Begin \AtBeginDocument code.
Package caption Info: subfig package v1.3 is loaded.
Package caption Info: float package is loaded.
Package caption Info: hyperref package is loaded.
Package caption Info: listings package is loaded.
Package caption Info: End \AtBeginDocument code.
\c@lstlisting=\count326
\AtBeginShipoutBox=\box56
Package hyperref Info: Link coloring OFF on input line 31.

(D:\MiKTeX\tex/latex/hyperref\nameref.sty
Package: nameref 2019/09/16 v2.46 Cross-referencing by name of section

(C:\Users\10109\AppData\Roaming\MiKTeX\tex/latex/refcount\refcount.sty
Package: refcount 2019/12/15 v3.6 Data extraction from label references (HO)
)
(C:\Users\10109\AppData\Roaming\MiKTeX\tex/generic/gettitlestring\gettitlestrin
g.sty
Package: gettitlestring 2019/12/15 v1.6 Cleanup title references (HO)
)
\c@section@level=\count327
)
LaTeX Info: Redefining \ref on input line 31.
LaTeX Info: Redefining \pageref on input line 31.
LaTeX Info: Redefining \nameref on input line 31.
 (Physiques.out) (Physiques.out)
\@outlinefile=\write3
\openout3 = `Physiques.out'.

LaTeX Font Info:    Trying to load font information for U+msa on input line 33.

 (D:\MiKTeX\tex/latex/amsfonts\umsa.fd
File: umsa.fd 2013/01/14 v3.01 AMS symbols A
)
LaTeX Font Info:    Trying to load font information for U+msb on input line 33.


(D:\MiKTeX\tex/latex/amsfonts\umsb.fd
File: umsb.fd 2013/01/14 v3.01 AMS symbols B
)
LaTeX Font Info:    Trying to load font information for U+stmry on input line 3
3.

(C:\Users\10109\AppData\Roaming\MiKTeX\tex/latex/stmaryrd\ustmry.fd) [1


]
[2

] (Physiques.toc [3]
Overfull \hbox (7.19609pt too wide) in paragraph at lines 57--57
 [][] [][]\TU/lmr/m/n/12 The Moving Trihedral(Accompanying Dreibein)-the Frenet
 For- 
 []

LaTeX Font Info:    Font shape `TU/SimSun(0)/m/sl' in size <12> not available
(Font)              Font shape `TU/SimSun(0)/m/it' tried instead on input line 
59.
[4])
\tf@toc=\write4
\openout4 = `Physiques.toc'.

 [5] [6

]
Chapter 1.

Overfull \hbox (11.44896pt too wide) in paragraph at lines 35--35
[]\TU/lmr/bx/n/17.28 Transformation of Coordinates (Rotations) 
 []

File: image//Mathematiques preparations//Transformation of Coordinates (Rotatio
ns)//1.png Graphic file (type bmp)
<image//Mathematiques preparations//Transformation of Coordinates (Rotations)//
1.png>
[7] [8]
LaTeX Font Info:    Trying to load font information for U+euf on input line 108
.
 (D:\MiKTeX\tex/latex/amsfonts\ueuf.fd
File: ueuf.fd 2013/01/14 v3.01 Euler Fraktur
) [9] [10]
Overfull \hbox (24.37392pt too wide) detected at line 222
[][]
 []

File: image//Mathematiques preparations//Determinant//1.png Graphic file (type 
bmp)
<image//Mathematiques preparations//Determinant//1.png>
[11]
File: image//Mathematiques preparations//Determinant//2.png Graphic file (type 
bmp)
<image//Mathematiques preparations//Determinant//2.png>

Overfull \hbox (22.999pt too wide) in paragraph at lines 277--278
 [][] 
 []

[12] [13] [14]
Overfull \hbox (16.84181pt too wide) in paragraph at lines 337--338
[]\TU/lmr/m/n/12 We may generalise the above to the case where the base vectors
 $[][]\OML/cmm/m/it/12 ; [][]; [] ; [][]$
 []

[15] [16] [17]
Overfull \hbox (26.2174pt too wide) detected at line 412
[][] \OT1/cmr/m/n/12 = \OMS/cmsy/m/n/12 h[] j []i ^^@ \OT1/cmr/m/n/12 2 [] [] [
] + [] [] [] [] []
 []

[18] [19] [20]
Chapter 2.

Underfull \vbox (badness 10000) has occurred while \output is active []

 [21

]
File: image//Electrocinetique cadre et concepts de base//1.jpg Graphic file (ty
pe bmp)
<image//Electrocinetique cadre et concepts de base//1.jpg>
File: image//Electrocinetique cadre et concepts de base//2.jpg Graphic file (ty
pe bmp)
<image//Electrocinetique cadre et concepts de base//2.jpg>

Underfull \vbox (badness 2460) has occurred while \output is active []


Overfull \hbox (16.28816pt too wide) has occurred while \output is active
\TU/lmr/m/n/12 22 \TU/lmr/m/sl/12 CHAPTER 2.  ELECTROCINÉTIQUE: CADRE ET CONCEP
TS DE BASE
 []

[22] [23]
File: image//Electrocinetique cadre et concepts de base//3.jpg Graphic file (ty
pe bmp)
<image//Electrocinetique cadre et concepts de base//3.jpg>

Overfull \hbox (43.59232pt too wide) in paragraph at lines 533--534
 [][] 
 []


Underfull \vbox (badness 10000) has occurred while \output is active []


Overfull \hbox (16.28816pt too wide) has occurred while \output is active
\TU/lmr/m/n/12 24 \TU/lmr/m/sl/12 CHAPTER 2.  ELECTROCINÉTIQUE: CADRE ET CONCEP
TS DE BASE
 []

[24]
Overfull \vbox (81.88884pt too high) has occurred while \output is active []


[25]
Overfull \hbox (16.28816pt too wide) has occurred while \output is active
\TU/lmr/m/n/12 26 \TU/lmr/m/sl/12 CHAPTER 2.  ELECTROCINÉTIQUE: CADRE ET CONCEP
TS DE BASE
 []

[26]
Chapter 3.
File: image//Circuit lineaire du premier ordre//1.png Graphic file (type bmp)
<image//Circuit lineaire du premier ordre//1.png>

Underfull \vbox (badness 10000) has occurred while \output is active []

 [27

]
File: image//Circuit lineaire du premier ordre//2.jpg Graphic file (type bmp)
<image//Circuit lineaire du premier ordre//2.jpg>

Overfull \hbox (19.79274pt too wide) in paragraph at lines 577--578
 [][] 
 []

[28]
File: image//Circuit lineaire du premier ordre//3.jpg Graphic file (type bmp)
<image//Circuit lineaire du premier ordre//3.jpg>
 [29] [30]
Chapter 4.
[31

]
Overfull \hbox (16.23663pt too wide) in paragraph at lines 634--637
\TU/lmr/m/n/12 restant dans le domaine des signaux oscillants, \TU/lmr/bx/n/12 
de valeur moyenne nulle\TU/lmr/m/n/12 .Ainsi,
 []

[32] [33]
File: image//Regime sinusoidal force//1.png Graphic file (type bmp)
<image//Regime sinusoidal force//1.png>

Overfull \hbox (0.94852pt too wide) detected at line 721
\OML/cmm/m/it/12 p\OT1/cmr/m/n/12 (\OML/cmm/m/it/12 t\OT1/cmr/m/n/12 ) == \OML/
cmm/m/it/12 u[] []\OT1/cmr/m/n/12 (\OML/cmm/m/it/12 !t \OT1/cmr/m/n/12 + \OML/c
mm/m/it/12 ^^^[]\OT1/cmr/m/n/12 )\OML/cmm/m/it/12 i[] []\OT1/cmr/m/n/12 (\OML/c
mm/m/it/12 !t \OT1/cmr/m/n/12 + \OML/cmm/m/it/12 ^^^[]\OT1/cmr/m/n/12 ) = [][[]
(\OML/cmm/m/it/12 ^^^[] \OMS/cmsy/m/n/12 ^^@ \OML/cmm/m/it/12 ^^^[]\OT1/cmr/m/n
/12 ) + [](2\OML/cmm/m/it/12 !t \OT1/cmr/m/n/12 + \OML/cmm/m/it/12 ^^^[] \OT1/c
mr/m/n/12 + \OML/cmm/m/it/12 ^^^[]\OT1/cmr/m/n/12 )]
 []

[34]
File: image//Regime sinusoidal force//2.png Graphic file (type bmp)
<image//Regime sinusoidal force//2.png>
 [35] [36

]
Chapter 5.
File: image//Etude du circuit RLC serie-Resonances//1.jpg Graphic file (type bm
p)
<image//Etude du circuit RLC serie-Resonances//1.jpg>

Underfull \vbox (badness 10000) has occurred while \output is active []

 [37]
File: image//Etude du circuit RLC serie-Resonances//2.jpg Graphic file (type bm
p)
<image//Etude du circuit RLC serie-Resonances//2.jpg>

[38] [39] [40]
File: image//Etude du circuit RLC serie-Resonances//3.jpg Graphic file (type bm
p)
<image//Etude du circuit RLC serie-Resonances//3.jpg>

Overfull \hbox (58.03067pt too wide) in paragraph at lines 879--880
 [][] 
 []

[41]
File: image//Etude du circuit RLC serie-Resonances//4.jpg Graphic file (type bm
p)
<image//Etude du circuit RLC serie-Resonances//4.jpg>
File: image//Etude du circuit RLC serie-Resonances//5.jpg Graphic file (type bm
p)
<image//Etude du circuit RLC serie-Resonances//5.jpg>
 [42] [43] [44]
File: image//Etude du circuit RLC serie-Resonances//6.jpg Graphic file (type bm
p)
<image//Etude du circuit RLC serie-Resonances//6.jpg>

Overfull \hbox (3.39732pt too wide) in paragraph at lines 997--998
 [][] 
 []

[45]
File: image//Etude du circuit RLC serie-Resonances//7.png Graphic file (type bm
p)
<image//Etude du circuit RLC serie-Resonances//7.png>
 [46]
Overfull \hbox (85.86761pt too wide) detected at line 1039
[] \OT1/cmr/m/n/12 = [] = [] = [] = [] = []
 []

File: image//Etude du circuit RLC serie-Resonances//8.png Graphic file (type bm
p)
<image//Etude du circuit RLC serie-Resonances//8.png>
[47] [48] [49]
File: image//Etude du circuit RLC serie-Resonances//9.png Graphic file (type bm
p)
<image//Etude du circuit RLC serie-Resonances//9.png>

Overfull \hbox (1.6905pt too wide) in paragraph at lines 1150--1157
[]\TU/lmr/bx/n/12 L’étude effectuée pour le circuit (R,L,C) série peut être gén
éral-
 []


Underfull \vbox (badness 6157) has occurred while \output is active []

 [50]
File: image//Etude du circuit RLC serie-Resonances//10.png Graphic file (type b
mp)
<image//Etude du circuit RLC serie-Resonances//10.png>

[51] [52]
Chapter 6.

Underfull \vbox (badness 3240) has occurred while \output is active []

 [53

]
Overfull \hbox (4.51794pt too wide) in paragraph at lines 1207--1208
[]$\OML/cmm/m/it/12 c[]$ \TU/lmr/m/n/12 est la composante continue ou la valeur
 moyenne de $\OML/cmm/m/it/12 f$\TU/lmr/m/n/12 ,$\OML/cmm/m/it/12 c[]$ \TU/lmr/
m/n/12 est l’amplitude
 []


Overfull \hbox (23.4092pt too wide) in paragraph at lines 1207--1208
\TU/lmr/m/n/12 de l’harmonique de rang $\OML/cmm/m/it/12 n$ \TU/lmr/m/n/12 et $
\OML/cmm/m/it/12 ^^^[]$ \TU/lmr/m/n/12 le déphasage(ou phase à l’origine) de l’
harmonique
 []

File: image//Analyse de Fourier d'un signal periodique//1.jpg Graphic file (typ
e bmp)
<image//Analyse de Fourier d'un signal periodique//1.jpg>
[54]
File: image//Analyse de Fourier d'un signal periodique//2.jpg Graphic file (typ
e bmp)
<image//Analyse de Fourier d'un signal periodique//2.jpg>

Underfull \vbox (badness 10000) has occurred while \output is active []

 [55]
[56]
Chapter 7.
File: image//Filtrage//1.jpg Graphic file (type bmp)
<image//Filtrage//1.jpg>

Underfull \vbox (badness 10000) has occurred while \output is active []

 [57

]
[58] [59]
File: image//Filtrage//2.jpg Graphic file (type bmp)
<image//Filtrage//2.jpg>
File: image//Filtrage//3.png Graphic file (type bmp)
<image//Filtrage//3.png>

Overfull \hbox (48.43109pt too wide) in paragraph at lines 1329--1330
 [][] 
 []

[60] [61]
File: image//Filtrage//4.jpg Graphic file (type bmp)
<image//Filtrage//4.jpg>

Overfull \hbox (87.92976pt too wide) in paragraph at lines 1386--1387
 [][] 
 []

[62]
File: image//Filtrage//5.jpg Graphic file (type bmp)
<image//Filtrage//5.jpg>

Overfull \hbox (21.68842pt too wide) in paragraph at lines 1406--1407
 [][] 
 []

File: image//Filtrage//6.jpg Graphic file (type bmp)
<image//Filtrage//6.jpg>

Overfull \hbox (87.92976pt too wide) in paragraph at lines 1414--1415
 [][] 
 []


Overfull \hbox (133.79424pt too wide) detected at line 1422
[] \OT1/cmr/m/n/12 = [] = [] = [] = []
 []

[63] [64]
File: image//Filtrage//7.jpg Graphic file (type bmp)
<image//Filtrage//7.jpg>

Overfull \hbox (58.03067pt too wide) in paragraph at lines 1470--1471
 [][] 
 []

File: image//Filtrage//8.jpg Graphic file (type bmp)
<image//Filtrage//8.jpg>

Overfull \hbox (87.92976pt too wide) in paragraph at lines 1479--1480
 [][] 
 []

[65]
File: image//Filtrage//9.jpg Graphic file (type bmp)
<image//Filtrage//9.jpg>

Overfull \hbox (87.92976pt too wide) in paragraph at lines 1487--1488
 [][] 
 []

[66]
File: image//Filtrage//10.jpg Graphic file (type bmp)
<image//Filtrage//10.jpg>

Overfull \hbox (58.03067pt too wide) in paragraph at lines 1550--1551
 [][] 
 []

[67]
File: image//Filtrage//11.jpg Graphic file (type bmp)
<image//Filtrage//11.jpg>

Overfull \hbox (49.48105pt too wide) in paragraph at lines 1583--1584
 [][] 
 []

[68]
File: image//Filtrage//12.jpg Graphic file (type bmp)
<image//Filtrage//12.jpg>

Overfull \hbox (58.03067pt too wide) in paragraph at lines 1591--1592
 [][] 
 []

[69] [70]
Chapter 8.

Overfull \hbox (59.86751pt too wide) in paragraph at lines 1632--1632
[]\TU/lmr/bx/n/17.28 The Moving Trihedral(Accompanying Dreibein)-
 []


LaTeX Font Warning: Font shape `U/stmry/b/n' undefined
(Font)              using `U/stmry/m/n' instead on input line 1649.

[71

] [72]
File: image//Systems of Point Masses//1.png Graphic file (type bmp)
<image//Systems of Point Masses//1.png>

Underfull \vbox (badness 2644) has occurred while \output is active []

 [73]
[74] [75]
File: image//Systems of Point Masses//2.png Graphic file (type bmp)
<image//Systems of Point Masses//2.png>
 [76] [77] [78

]
Chapter 9.
[79] [80]
Overfull \hbox (87.63362pt too wide) has occurred while \output is active
\TU/lmr/m/sl/12 9.3.   ENERGIE POTENTIELLE DE CONSTRUCTION D’UN SYSTÈME DE CHAR
GES \TU/lmr/m/n/12 81
 []

[81]
Package atveryend Info: Empty hook `BeforeClearDocument' on input line 1907.
 [82]
Package atveryend Info: Empty hook `AfterLastShipout' on input line 1907.
 (Physiques.aux)
Package atveryend Info: Empty hook `AtVeryEndDocument' on input line 1907.
Package atveryend Info: Executing hook `AtEndAfterFileList' on input line 1907.

Package rerunfilecheck Info: File `Physiques.out' has not changed.
(rerunfilecheck)             Checksum: D1FFB019670E5F172A231A80761F2C6E;10134.


LaTeX Font Warning: Some font shapes were not available, defaults substituted.

Package atveryend Info: Empty hook `AtVeryVeryEnd' on input line 1907.
 ) 
Here is how much of TeX's memory you used:
 19671 strings out of 414493
 392458 string characters out of 2910403
 890794 words of memory out of 3000000
 36593 multiletter control sequences out of 15000+200000
 548801 words of font info for 123 fonts, out of 3000000 for 9000
 1348 hyphenation exceptions out of 8191
 52i,16n,69p,1044b,1623s stack positions out of 5000i,500n,10000p,200000b,50000s

Output written on Physiques.pdf (82 pages).
